2024-12-17 03:05:32,044 - __main__ - INFO - Health monitoring started
2024-12-17 03:05:32,045 - __main__ - INFO - 
━━━━━━ Server Starting ━━━━━━
Port: 5000
Debug: True
Environment: development
Memory: 62.3MB
CPU: 24.0%
━━━━━━━━━━━━━━━━━━━━━━━━
2024-12-17 03:05:32,061 - __main__ - ERROR - Health monitoring error: Server.emit() got an unexpected keyword argument 'broadcast'
2024-12-17 03:05:32,215 - __main__ - INFO - Client connected: Uw80H_LvaGH-Vg-1AAAB
2024-12-17 03:05:32,215 - __main__ - ERROR - Error in handle_connect: name 'emit' is not defined
2024-12-17 03:05:32,216 - engineio.server - ERROR - message handler error
Traceback (most recent call last):
  File "/home/runner/workspace/.pythonlibs/lib/python3.11/site-packages/flask_socketio/__init__.py", line 834, in _handle_event
    ret = handler(auth)
          ^^^^^^^^^^^^^
TypeError: handle_connect() takes 0 positional arguments but 1 was given

During handling of the above exception, another exception occurred:

Traceback (most recent call last):
  File "/home/runner/workspace/app.py", line 476, in handle_connect
    emit('connection_status', {
    ^^^^
NameError: name 'emit' is not defined

During handling of the above exception, another exception occurred:

Traceback (most recent call last):
  File "/home/runner/workspace/.pythonlibs/lib/python3.11/site-packages/engineio/server.py", line 441, in run_handler
    return self.handlers[event](*args)
           ^^^^^^^^^^^^^^^^^^^^^^^^^^^
  File "/home/runner/workspace/.pythonlibs/lib/python3.11/site-packages/socketio/server.py", line 643, in _handle_eio_message
    self._handle_connect(eio_sid, pkt.namespace, pkt.data)
  File "/home/runner/workspace/.pythonlibs/lib/python3.11/site-packages/socketio/server.py", line 537, in _handle_connect
    success = self._trigger_event(
              ^^^^^^^^^^^^^^^^^^^^
  File "/home/runner/workspace/.pythonlibs/lib/python3.11/site-packages/socketio/server.py", line 614, in _trigger_event
    return handler(*args)
           ^^^^^^^^^^^^^^
  File "/home/runner/workspace/.pythonlibs/lib/python3.11/site-packages/flask_socketio/__init__.py", line 293, in _handler
    return self._handle_event(handler, message, real_ns, sid,
           ^^^^^^^^^^^^^^^^^^^^^^^^^^^^^^^^^^^^^^^^^^^^^^^^^^
  File "/home/runner/workspace/.pythonlibs/lib/python3.11/site-packages/flask_socketio/__init__.py", line 836, in _handle_event
    ret = handler()
          ^^^^^^^^^
  File "/home/runner/workspace/app.py", line 490, in handle_connect
    emit('connection_status', {'status': 'error', 'message': str(e)})
    ^^^^
NameError: name 'emit' is not defined
2024-12-17 03:05:32,637 - __main__ - INFO - Request: GET / from 172.31.196.15
2024-12-17 03:05:32,794 - __main__ - INFO - Request: GET / from 172.31.196.15
2024-12-17 03:05:37,074 - __main__ - ERROR - Health monitoring error: Server.emit() got an unexpected keyword argument 'broadcast'
2024-12-17 03:05:42,088 - __main__ - ERROR - Health monitoring error: Server.emit() got an unexpected keyword argument 'broadcast'
2024-12-17 03:05:47,101 - __main__ - ERROR - Health monitoring error: Server.emit() got an unexpected keyword argument 'broadcast'
2024-12-17 03:05:52,114 - __main__ - ERROR - Health monitoring error: Server.emit() got an unexpected keyword argument 'broadcast'
2024-12-17 03:05:54,776 - app - INFO - Health monitoring started
2024-12-17 03:05:54,777 - __main__ - INFO - ━━━━━━ Environment Check ━━━━━━
2024-12-17 03:05:54,777 - __main__ - INFO - ✓ TOGETHER_API_KEY: SET
2024-12-17 03:05:54,777 - __main__ - INFO - ✓ DISCORD_BOT_TOKEN: SET
2024-12-17 03:05:54,777 - __main__ - INFO - ✓ TELEGRAM_BOT_TOKEN: SET
2024-12-17 03:05:54,778 - __main__ - INFO - 
━━━━━━ Railway Startup ━━━━━━
Environment: development
Port: 5000
Debug: True
Memory: 0.1%
CPU: 18.8%
Python: 3.11.9
Time: 2024-12-17T03:05:54.778160+00:00
Retry: 1/5
━━━━━━━━━━━━━━━━━━━━━━━━
2024-12-17 03:05:55,030 - __main__ - INFO - Request: GET / from 172.31.196.15
2024-12-17 03:05:56,104 - __main__ - INFO - Health monitoring started
2024-12-17 03:05:56,105 - __main__ - INFO - 
━━━━━━ Server Starting ━━━━━━
Port: 5000
Debug: True
Environment: development
Memory: 61.7MB
CPU: 44.9%
━━━━━━━━━━━━━━━━━━━━━━━━
2024-12-17 03:05:56,341 - app - INFO - Request: GET / from 172.31.196.15
2024-12-17 03:05:56,764 - app - INFO - Request: GET / from 172.31.196.15
2024-12-17 03:05:56,772 - app - INFO - Request: GET / from 172.31.196.15
2024-12-17 03:06:30,887 - app - INFO - Request: GET / from 172.31.196.15
2024-12-17 03:07:21,218 - app - INFO - Health monitoring started
2024-12-17 03:07:21,218 - __main__ - INFO - ━━━━━━ Environment Check ━━━━━━
2024-12-17 03:07:21,218 - __main__ - INFO - ✓ TOGETHER_API_KEY: SET
2024-12-17 03:07:21,218 - __main__ - INFO - ✓ DISCORD_BOT_TOKEN: SET
2024-12-17 03:07:21,219 - __main__ - INFO - ✓ TELEGRAM_BOT_TOKEN: SET
2024-12-17 03:07:21,219 - __main__ - INFO - 
━━━━━━ Railway Startup ━━━━━━
Environment: development
Port: 5000
Debug: True
Memory: 0.1%
CPU: 19.4%
Python: 3.11.9
Time: 2024-12-17T03:07:21.219618+00:00
Retry: 1/5
━━━━━━━━━━━━━━━━━━━━━━━━
2024-12-17 03:07:21,534 - __main__ - INFO - Request: GET / from 172.31.196.15
2024-12-17 03:07:21,810 - __main__ - INFO - Client connected: zVcQdWi93mnhrTOVAAAB
2024-12-17 03:07:22,043 - engineio.server - ERROR - Invalid session 41dfqdM7EZoMyjpzAAAA (further occurrences of this error will be logged with level INFO)
2024-12-17 03:07:22,266 - app - INFO - Request: GET /stream from 172.31.196.15
2024-12-17 03:07:22,673 - __main__ - INFO - Health monitoring started
2024-12-17 03:07:22,673 - __main__ - INFO - 
━━━━━━ Server Starting ━━━━━━
Port: 5000
Debug: True
Environment: development
Memory: 62.3MB
CPU: 33.8%
━━━━━━━━━━━━━━━━━━━━━━━━
2024-12-17 03:07:22,993 - __main__ - INFO - Request: GET / from 172.31.196.15
2024-12-17 03:07:23,249 - __main__ - INFO - Request: GET / from 172.31.196.15
2024-12-17 03:07:23,411 - __main__ - INFO - Request: GET / from 172.31.196.15
2024-12-17 03:07:23,496 - __main__ - INFO - Client connected: 2MfF-bLBoHDvWdIKAAAB
2024-12-17 03:07:23,732 - __main__ - INFO - Request: GET / from 172.31.196.15
2024-12-17 03:07:24,132 - __main__ - INFO - Request: GET /stream from 172.31.196.15
2024-12-17 03:11:29,155 - app - INFO - Health monitoring started
2024-12-17 03:11:29,156 - __main__ - INFO - ━━━━━━ Environment Check ━━━━━━
2024-12-17 03:11:29,156 - __main__ - INFO - ✓ TOGETHER_API_KEY: SET
2024-12-17 03:11:29,156 - __main__ - INFO - ✓ DISCORD_BOT_TOKEN: SET
2024-12-17 03:11:29,156 - __main__ - INFO - ✓ TELEGRAM_BOT_TOKEN: SET
2024-12-17 03:11:29,157 - __main__ - INFO - 
━━━━━━ Railway Startup ━━━━━━
Environment: development
Port: 5000
Debug: True
Memory: 0.1%
CPU: 20.5%
Python: 3.11.9
Time: 2024-12-17T03:11:29.157092+00:00
Retry: 1/5
━━━━━━━━━━━━━━━━━━━━━━━━
2024-12-17 03:11:30,136 - engineio.server - ERROR - Invalid session ubrI-f4TecVE-ClCAAAA (further occurrences of this error will be logged with level INFO)
2024-12-17 03:11:30,145 - app - INFO - Request: GET / from 172.31.196.15
2024-12-17 03:11:30,746 - __main__ - INFO - Health monitoring started
2024-12-17 03:11:30,746 - __main__ - INFO - 
━━━━━━ Server Starting ━━━━━━
Port: 5000
Debug: True
Environment: development
Memory: 62.1MB
CPU: 34.7%
━━━━━━━━━━━━━━━━━━━━━━━━
2024-12-17 03:11:30,985 - app - INFO - Request: GET / from 172.31.196.15
2024-12-17 03:11:31,204 - app - INFO - Request: GET / from 172.31.196.15
2024-12-17 03:11:31,682 - app - INFO - Request: GET /stream from 172.31.196.15
2024-12-17 03:11:54,464 - __main__ - INFO - Request: GET / from 172.31.196.15
2024-12-17 03:11:55,041 - app - INFO - Health monitoring started
2024-12-17 03:11:55,041 - __main__ - INFO - ━━━━━━ Environment Check ━━━━━━
2024-12-17 03:11:55,041 - __main__ - INFO - ✓ TOGETHER_API_KEY: SET
2024-12-17 03:11:55,041 - __main__ - INFO - ✓ DISCORD_BOT_TOKEN: SET
2024-12-17 03:11:55,041 - __main__ - INFO - ✓ TELEGRAM_BOT_TOKEN: SET
2024-12-17 03:11:55,042 - __main__ - INFO - 
━━━━━━ Railway Startup ━━━━━━
Environment: development
Port: 5000
Debug: True
Memory: 0.1%
CPU: 21.1%
Python: 3.11.9
Time: 2024-12-17T03:11:55.042397+00:00
Retry: 1/5
━━━━━━━━━━━━━━━━━━━━━━━━
2024-12-17 03:11:55,225 - __main__ - INFO - Request: GET /stream from 172.31.196.15
2024-12-17 03:11:55,982 - app - INFO - Request: GET / from 172.31.196.15
2024-12-17 03:11:56,585 - __main__ - INFO - Health monitoring started
2024-12-17 03:11:56,586 - __main__ - INFO - 
━━━━━━ Server Starting ━━━━━━
Port: 5000
Debug: True
Environment: development
Memory: 62.1MB
CPU: 31.1%
━━━━━━━━━━━━━━━━━━━━━━━━
2024-12-17 03:11:56,807 - app - INFO - Request: GET / from 172.31.196.15
2024-12-17 03:11:57,184 - __main__ - INFO - Request: GET / from 172.31.196.15
2024-12-17 03:11:57,269 - __main__ - INFO - Request: GET / from 172.31.196.15
2024-12-17 03:11:57,364 - app - INFO - Request: GET /stream from 172.31.196.15
2024-12-17 03:11:57,872 - __main__ - INFO - Request: GET /stream from 172.31.196.15
2024-12-17 03:13:48,686 - __main__ - INFO - 
━━━━━━ Server Starting ━━━━━━
Port: 5000
Debug: True
Environment: development
━━━━━━━━━━━━━━━━━━━━━━━━
2024-12-17 03:13:48,701 - werkzeug - INFO - [31m[1mWARNING: This is a development server. Do not use it in a production deployment. Use a production WSGI server instead.[0m
 * Running on all addresses (0.0.0.0)
 * Running on http://127.0.0.1:5000
 * Running on http://172.31.196.15:5000
2024-12-17 03:13:48,702 - werkzeug - INFO - [33mPress CTRL+C to quit[0m
2024-12-17 03:13:48,702 - werkzeug - INFO -  * Restarting with stat
2024-12-17 03:13:49,089 - __main__ - INFO - 
━━━━━━ Server Starting ━━━━━━
Port: 5000
Debug: True
Environment: development
━━━━━━━━━━━━━━━━━━━━━━━━
2024-12-17 03:13:49,097 - werkzeug - WARNING -  * Debugger is active!
2024-12-17 03:13:49,098 - werkzeug - INFO -  * Debugger PIN: 706-419-823
2024-12-17 03:13:49,149 - __main__ - INFO - Request: GET / from 172.31.196.15
2024-12-17 03:13:49,155 - werkzeug - INFO - 172.31.196.15 - - [17/Dec/2024 03:13:49] "GET / HTTP/1.1" 200 -
2024-12-17 03:13:49,346 - __main__ - INFO - Request: GET / from 172.31.196.15
2024-12-17 03:13:49,347 - werkzeug - INFO - 172.31.196.15 - - [17/Dec/2024 03:13:49] "GET / HTTP/1.1" 200 -
2024-12-17 03:13:49,363 - werkzeug - INFO - 172.31.196.15 - - [17/Dec/2024 03:13:49] "GET /static/css/style.css HTTP/1.1" 200 -
2024-12-17 03:13:49,376 - werkzeug - INFO - 172.31.196.15 - - [17/Dec/2024 03:13:49] "GET /static/images/octant-logo.png HTTP/1.1" 200 -
2024-12-17 03:13:49,377 - werkzeug - INFO - 172.31.196.15 - - [17/Dec/2024 03:13:49] "[36mGET /static/css/style.css HTTP/1.1[0m" 304 -
2024-12-17 03:13:49,381 - werkzeug - INFO - 172.31.196.15 - - [17/Dec/2024 03:13:49] "GET /static/js/chat.js HTTP/1.1" 200 -
2024-12-17 03:13:49,443 - werkzeug - INFO - 172.31.196.15 - - [17/Dec/2024 03:13:49] "GET /static/images/2.png HTTP/1.1" 200 -
2024-12-17 03:13:49,470 - werkzeug - INFO - 172.31.196.15 - - [17/Dec/2024 03:13:49] "[36mGET /static/images/octant-logo.png HTTP/1.1[0m" 304 -
2024-12-17 03:13:49,577 - werkzeug - INFO - 172.31.196.15 - - [17/Dec/2024 03:13:49] "GET /static/js/chat.js HTTP/1.1" 200 -
2024-12-17 03:13:49,692 - __main__ - INFO - Request: GET / from 172.31.196.15
2024-12-17 03:13:49,692 - werkzeug - INFO - 172.31.196.15 - - [17/Dec/2024 03:13:49] "GET / HTTP/1.1" 200 -
2024-12-17 03:13:49,813 - werkzeug - INFO - 172.31.196.15 - - [17/Dec/2024 03:13:49] "[36mGET /static/css/style.css HTTP/1.1[0m" 304 -
2024-12-17 03:13:49,813 - werkzeug - INFO - 172.31.196.15 - - [17/Dec/2024 03:13:49] "[36mGET /static/images/octant-logo.png HTTP/1.1[0m" 304 -
2024-12-17 03:13:49,890 - werkzeug - INFO - 172.31.196.15 - - [17/Dec/2024 03:13:49] "[36mGET /static/js/chat.js HTTP/1.1[0m" 304 -
2024-12-17 03:13:49,927 - werkzeug - INFO - 172.31.196.15 - - [17/Dec/2024 03:13:49] "GET /static/images/2.png HTTP/1.1" 200 -
2024-12-17 03:13:50,461 - werkzeug - INFO - 172.31.196.15 - - [17/Dec/2024 03:13:50] "[36mGET /static/images/2.png HTTP/1.1[0m" 304 -
2024-12-17 03:14:22,933 - __main__ - INFO - Request: GET /socket.io/ from 172.31.196.15
2024-12-17 03:14:22,934 - werkzeug - INFO - 172.31.196.15 - - [17/Dec/2024 03:14:22] "[33mGET /socket.io/?EIO=4&transport=polling&t=PFId0sf HTTP/1.1[0m" 404 -
2024-12-17 03:14:28,842 - __main__ - INFO - Request: GET /socket.io/ from 172.31.196.15
2024-12-17 03:14:28,843 - werkzeug - INFO - 172.31.196.15 - - [17/Dec/2024 03:14:28] "[33mGET /socket.io/?EIO=4&transport=polling&t=PFId2KP HTTP/1.1[0m" 404 -
2024-12-17 03:14:34,855 - __main__ - INFO - Request: GET /socket.io/ from 172.31.196.15
2024-12-17 03:14:34,855 - werkzeug - INFO - 172.31.196.15 - - [17/Dec/2024 03:14:34] "[33mGET /socket.io/?EIO=4&transport=polling&t=PFId3o9 HTTP/1.1[0m" 404 -
2024-12-17 03:14:40,842 - __main__ - INFO - Request: GET /socket.io/ from 172.31.196.15
2024-12-17 03:14:40,843 - werkzeug - INFO - 172.31.196.15 - - [17/Dec/2024 03:14:40] "[33mGET /socket.io/?EIO=4&transport=polling&t=PFId5Fv HTTP/1.1[0m" 404 -
2024-12-17 03:14:42,440 - werkzeug - INFO -  * Detected change in '/home/runner/workspace/app.py', reloading
2024-12-17 03:14:42,487 - werkzeug - INFO -  * Restarting with stat
2024-12-17 03:14:42,868 - __main__ - INFO - 
━━━━━━ Server Starting ━━━━━━
Port: 5000
Debug: True
Environment: development
━━━━━━━━━━━━━━━━━━━━━━━━
2024-12-17 03:14:42,876 - werkzeug - WARNING -  * Debugger is active!
2024-12-17 03:14:42,877 - werkzeug - INFO -  * Debugger PIN: 650-592-133
2024-12-17 03:14:44,209 - __main__ - INFO - Request: GET / from 172.31.196.15
2024-12-17 03:14:44,213 - werkzeug - INFO - 172.31.196.15 - - [17/Dec/2024 03:14:44] "GET / HTTP/1.1" 200 -
2024-12-17 03:14:44,422 - werkzeug - INFO - 172.31.196.15 - - [17/Dec/2024 03:14:44] "[36mGET /static/css/style.css HTTP/1.1[0m" 304 -
2024-12-17 03:14:44,427 - werkzeug - INFO - 172.31.196.15 - - [17/Dec/2024 03:14:44] "[36mGET /static/images/octant-logo.png HTTP/1.1[0m" 304 -
2024-12-17 03:14:44,432 - werkzeug - INFO - 172.31.196.15 - - [17/Dec/2024 03:14:44] "[36mGET /static/js/chat.js HTTP/1.1[0m" 304 -
2024-12-17 03:14:44,993 - werkzeug - INFO - 172.31.196.15 - - [17/Dec/2024 03:14:44] "[36mGET /static/images/2.png HTTP/1.1[0m" 304 -
2024-12-17 03:14:46,849 - __main__ - INFO - Request: GET /socket.io/ from 172.31.196.15
2024-12-17 03:14:46,850 - werkzeug - INFO - 172.31.196.15 - - [17/Dec/2024 03:14:46] "[33mGET /socket.io/?EIO=4&transport=polling&t=PFId6je HTTP/1.1[0m" 404 -
2024-12-17 03:14:52,835 - __main__ - INFO - Request: GET /socket.io/ from 172.31.196.15
2024-12-17 03:14:52,836 - werkzeug - INFO - 172.31.196.15 - - [17/Dec/2024 03:14:52] "[33mGET /socket.io/?EIO=4&transport=polling&t=PFId8BO HTTP/1.1[0m" 404 -
2024-12-17 03:14:58,846 - __main__ - INFO - Request: GET /socket.io/ from 172.31.196.15
2024-12-17 03:14:58,847 - werkzeug - INFO - 172.31.196.15 - - [17/Dec/2024 03:14:58] "[33mGET /socket.io/?EIO=4&transport=polling&t=PFId9f9 HTTP/1.1[0m" 404 -
2024-12-17 03:15:04,870 - __main__ - INFO - Request: GET /socket.io/ from 172.31.196.15
2024-12-17 03:15:04,871 - werkzeug - INFO - 172.31.196.15 - - [17/Dec/2024 03:15:04] "[33mGET /socket.io/?EIO=4&transport=polling&t=PFIdB6u HTTP/1.1[0m" 404 -
2024-12-17 03:15:10,853 - __main__ - INFO - Request: GET /socket.io/ from 172.31.196.15
2024-12-17 03:15:10,854 - werkzeug - INFO - 172.31.196.15 - - [17/Dec/2024 03:15:10] "[33mGET /socket.io/?EIO=4&transport=polling&t=PFIdCae HTTP/1.1[0m" 404 -
2024-12-17 03:15:16,923 - __main__ - INFO - Request: GET /socket.io/ from 172.31.196.15
2024-12-17 03:15:16,923 - werkzeug - INFO - 172.31.196.15 - - [17/Dec/2024 03:15:16] "[33mGET /socket.io/?EIO=4&transport=polling&t=PFIdE2O HTTP/1.1[0m" 404 -
2024-12-17 03:15:22,853 - __main__ - INFO - Request: GET /socket.io/ from 172.31.196.15
2024-12-17 03:15:22,854 - werkzeug - INFO - 172.31.196.15 - - [17/Dec/2024 03:15:22] "[33mGET /socket.io/?EIO=4&transport=polling&t=PFIdFW9 HTTP/1.1[0m" 404 -
2024-12-17 03:15:28,838 - __main__ - INFO - Request: GET /socket.io/ from 172.31.196.15
2024-12-17 03:15:28,838 - werkzeug - INFO - 172.31.196.15 - - [17/Dec/2024 03:15:28] "[33mGET /socket.io/?EIO=4&transport=polling&t=PFIdGzv HTTP/1.1[0m" 404 -
2024-12-17 03:15:34,852 - __main__ - INFO - Request: GET /socket.io/ from 172.31.196.15
2024-12-17 03:15:34,853 - werkzeug - INFO - 172.31.196.15 - - [17/Dec/2024 03:15:34] "[33mGET /socket.io/?EIO=4&transport=polling&t=PFIdIRf HTTP/1.1[0m" 404 -
2024-12-17 03:15:39,337 - werkzeug - INFO -  * Detected change in '/home/runner/workspace/app.py', reloading
2024-12-17 03:15:39,385 - werkzeug - INFO -  * Restarting with stat
2024-12-17 03:15:39,769 - __main__ - INFO - 
━━━━━━ Server Starting ━━━━━━
Port: 5000
Debug: True
Environment: development
━━━━━━━━━━━━━━━━━━━━━━━━
2024-12-17 03:15:39,779 - werkzeug - WARNING -  * Debugger is active!
2024-12-17 03:15:39,780 - werkzeug - INFO -  * Debugger PIN: 559-542-711
2024-12-17 03:15:40,199 - __main__ - INFO - Request: GET / from 172.31.196.15
2024-12-17 03:15:40,205 - werkzeug - INFO - 172.31.196.15 - - [17/Dec/2024 03:15:40] "GET / HTTP/1.1" 200 -
2024-12-17 03:15:40,337 - werkzeug - INFO - 172.31.196.15 - - [17/Dec/2024 03:15:40] "[36mGET /static/images/octant-logo.png HTTP/1.1[0m" 304 -
2024-12-17 03:15:40,344 - werkzeug - INFO - 172.31.196.15 - - [17/Dec/2024 03:15:40] "[36mGET /static/js/chat.js HTTP/1.1[0m" 304 -
2024-12-17 03:15:40,345 - werkzeug - INFO - 172.31.196.15 - - [17/Dec/2024 03:15:40] "[36mGET /static/css/style.css HTTP/1.1[0m" 304 -
2024-12-17 03:15:40,844 - __main__ - INFO - Request: GET /socket.io/ from 172.31.196.15
2024-12-17 03:15:40,845 - werkzeug - INFO - 172.31.196.15 - - [17/Dec/2024 03:15:40] "[33mGET /socket.io/?EIO=4&transport=polling&t=PFIdJvO HTTP/1.1[0m" 404 -
2024-12-17 03:15:40,929 - werkzeug - INFO - 172.31.196.15 - - [17/Dec/2024 03:15:40] "[36mGET /static/images/2.png HTTP/1.1[0m" 304 -
2024-12-17 03:15:46,851 - __main__ - INFO - Request: GET /socket.io/ from 172.31.196.15
2024-12-17 03:15:46,852 - werkzeug - INFO - 172.31.196.15 - - [17/Dec/2024 03:15:46] "[33mGET /socket.io/?EIO=4&transport=polling&t=PFIdLN9 HTTP/1.1[0m" 404 -
2024-12-17 03:15:47,004 - werkzeug - INFO -  * Detected change in '/home/runner/workspace/app.py', reloading
2024-12-17 03:15:47,068 - werkzeug - INFO -  * Restarting with stat
2024-12-17 03:15:47,452 - __main__ - INFO - 
━━━━━━ Server Starting ━━━━━━
Port: 5000
Debug: True
Environment: development
━━━━━━━━━━━━━━━━━━━━━━━━
2024-12-17 03:15:47,459 - werkzeug - WARNING -  * Debugger is active!
2024-12-17 03:15:47,461 - werkzeug - INFO -  * Debugger PIN: 418-519-114
2024-12-17 03:15:47,985 - __main__ - INFO - Request: GET / from 172.31.196.15
2024-12-17 03:15:47,990 - werkzeug - INFO - 172.31.196.15 - - [17/Dec/2024 03:15:47] "GET / HTTP/1.1" 200 -
2024-12-17 03:15:48,107 - werkzeug - INFO - 172.31.196.15 - - [17/Dec/2024 03:15:48] "[36mGET /static/css/style.css HTTP/1.1[0m" 304 -
2024-12-17 03:15:48,110 - werkzeug - INFO - 172.31.196.15 - - [17/Dec/2024 03:15:48] "[36mGET /static/js/chat.js HTTP/1.1[0m" 304 -
2024-12-17 03:15:48,113 - werkzeug - INFO - 172.31.196.15 - - [17/Dec/2024 03:15:48] "[36mGET /static/images/octant-logo.png HTTP/1.1[0m" 304 -
2024-12-17 03:15:48,730 - werkzeug - INFO - 172.31.196.15 - - [17/Dec/2024 03:15:48] "[36mGET /static/images/2.png HTTP/1.1[0m" 304 -
2024-12-17 03:15:52,842 - __main__ - INFO - Request: GET /socket.io/ from 172.31.196.15
2024-12-17 03:15:52,843 - werkzeug - INFO - 172.31.196.15 - - [17/Dec/2024 03:15:52] "[33mGET /socket.io/?EIO=4&transport=polling&t=PFIdMqv HTTP/1.1[0m" 404 -
2024-12-17 03:15:58,876 - __main__ - INFO - Request: GET /socket.io/ from 172.31.196.15
2024-12-17 03:15:58,877 - werkzeug - INFO - 172.31.196.15 - - [17/Dec/2024 03:15:58] "[33mGET /socket.io/?EIO=4&transport=polling&t=PFIdOIe HTTP/1.1[0m" 404 -
2024-12-17 03:16:04,843 - __main__ - INFO - Request: GET /socket.io/ from 172.31.196.15
2024-12-17 03:16:04,845 - werkzeug - INFO - 172.31.196.15 - - [17/Dec/2024 03:16:04] "[33mGET /socket.io/?EIO=4&transport=polling&t=PFIdPmP HTTP/1.1[0m" 404 -
2024-12-17 03:16:05,724 - __main__ - INFO - 
━━━━━━ Server Starting ━━━━━━
Port: 5000
Debug: True
Environment: development
━━━━━━━━━━━━━━━━━━━━━━━━
2024-12-17 03:16:05,733 - werkzeug - INFO - [31m[1mWARNING: This is a development server. Do not use it in a production deployment. Use a production WSGI server instead.[0m
 * Running on all addresses (0.0.0.0)
 * Running on http://127.0.0.1:5000
 * Running on http://172.31.196.15:5000
2024-12-17 03:16:05,734 - werkzeug - INFO - [33mPress CTRL+C to quit[0m
2024-12-17 03:16:05,734 - werkzeug - INFO -  * Restarting with stat
2024-12-17 03:16:06,117 - __main__ - INFO - 
━━━━━━ Server Starting ━━━━━━
Port: 5000
Debug: True
Environment: development
━━━━━━━━━━━━━━━━━━━━━━━━
2024-12-17 03:16:06,125 - werkzeug - WARNING -  * Debugger is active!
2024-12-17 03:16:06,126 - werkzeug - INFO -  * Debugger PIN: 134-227-284
2024-12-17 03:16:06,155 - __main__ - INFO - Request: GET / from 172.31.196.15
2024-12-17 03:16:06,162 - werkzeug - INFO - 172.31.196.15 - - [17/Dec/2024 03:16:06] "GET / HTTP/1.1" 200 -
2024-12-17 03:16:06,272 - __main__ - INFO - Request: GET / from 172.31.196.15
2024-12-17 03:16:06,272 - werkzeug - INFO - 172.31.196.15 - - [17/Dec/2024 03:16:06] "GET / HTTP/1.1" 200 -
2024-12-17 03:16:06,289 - werkzeug - INFO - 172.31.196.15 - - [17/Dec/2024 03:16:06] "[36mGET /static/css/style.css HTTP/1.1[0m" 304 -
2024-12-17 03:16:06,300 - werkzeug - INFO - 172.31.196.15 - - [17/Dec/2024 03:16:06] "GET /static/js/chat.js HTTP/1.1" 200 -
2024-12-17 03:16:06,361 - __main__ - INFO - Request: GET / from 172.31.196.15
2024-12-17 03:16:06,362 - werkzeug - INFO - 172.31.196.15 - - [17/Dec/2024 03:16:06] "GET / HTTP/1.1" 200 -
2024-12-17 03:16:06,375 - werkzeug - INFO - 172.31.196.15 - - [17/Dec/2024 03:16:06] "GET /static/css/style.css HTTP/1.1" 200 -
2024-12-17 03:16:06,383 - werkzeug - INFO - 172.31.196.15 - - [17/Dec/2024 03:16:06] "GET /static/images/octant-logo.png HTTP/1.1" 200 -
2024-12-17 03:16:06,395 - werkzeug - INFO - 172.31.196.15 - - [17/Dec/2024 03:16:06] "GET /static/js/chat.js HTTP/1.1" 200 -
2024-12-17 03:16:06,471 - werkzeug - INFO - 172.31.196.15 - - [17/Dec/2024 03:16:06] "GET /static/images/2.png HTTP/1.1" 200 -
2024-12-17 03:16:06,473 - __main__ - INFO - Request: GET / from 172.31.196.15
2024-12-17 03:16:06,474 - werkzeug - INFO - 172.31.196.15 - - [17/Dec/2024 03:16:06] "GET / HTTP/1.1" 200 -
2024-12-17 03:16:06,583 - __main__ - INFO - Request: GET / from 172.31.196.15
2024-12-17 03:16:06,584 - werkzeug - INFO - 172.31.196.15 - - [17/Dec/2024 03:16:06] "GET / HTTP/1.1" 200 -
2024-12-17 03:16:06,751 - werkzeug - INFO - 172.31.196.15 - - [17/Dec/2024 03:16:06] "GET /static/css/style.css HTTP/1.1" 200 -
2024-12-17 03:16:06,753 - werkzeug - INFO - 172.31.196.15 - - [17/Dec/2024 03:16:06] "GET /static/js/chat.js HTTP/1.1" 200 -
2024-12-17 03:16:06,754 - werkzeug - INFO - 172.31.196.15 - - [17/Dec/2024 03:16:06] "GET /static/images/octant-logo.png HTTP/1.1" 200 -
2024-12-17 03:16:06,849 - werkzeug - INFO - 172.31.196.15 - - [17/Dec/2024 03:16:06] "[36mGET /static/css/style.css HTTP/1.1[0m" 304 -
2024-12-17 03:16:06,850 - werkzeug - INFO - 172.31.196.15 - - [17/Dec/2024 03:16:06] "[36mGET /static/images/octant-logo.png HTTP/1.1[0m" 304 -
2024-12-17 03:16:06,878 - werkzeug - INFO - 172.31.196.15 - - [17/Dec/2024 03:16:06] "[36mGET /static/js/chat.js HTTP/1.1[0m" 304 -
2024-12-17 03:16:07,429 - werkzeug - INFO - 172.31.196.15 - - [17/Dec/2024 03:16:07] "[36mGET /static/images/2.png HTTP/1.1[0m" 304 -
2024-12-17 03:16:07,527 - werkzeug - INFO - 172.31.196.15 - - [17/Dec/2024 03:16:07] "[36mGET /static/images/2.png HTTP/1.1[0m" 304 -
2024-12-17 03:16:10,938 - __main__ - INFO - Request: GET /socket.io/ from 172.31.196.15
2024-12-17 03:16:10,939 - werkzeug - INFO - 172.31.196.15 - - [17/Dec/2024 03:16:10] "[33mGET /socket.io/?EIO=4&transport=polling&t=PFIdRE9 HTTP/1.1[0m" 404 -
2024-12-17 03:16:16,842 - __main__ - INFO - Request: GET /socket.io/ from 172.31.196.15
2024-12-17 03:16:16,843 - werkzeug - INFO - 172.31.196.15 - - [17/Dec/2024 03:16:16] "[33mGET /socket.io/?EIO=4&transport=polling&t=PFIdShv HTTP/1.1[0m" 404 -
2024-12-17 03:16:22,858 - __main__ - INFO - Request: GET /socket.io/ from 172.31.196.15
2024-12-17 03:16:22,859 - werkzeug - INFO - 172.31.196.15 - - [17/Dec/2024 03:16:22] "[33mGET /socket.io/?EIO=4&transport=polling&t=PFIdU9i HTTP/1.1[0m" 404 -
2024-12-17 03:16:28,842 - __main__ - INFO - Request: GET /socket.io/ from 172.31.196.15
2024-12-17 03:16:28,843 - werkzeug - INFO - 172.31.196.15 - - [17/Dec/2024 03:16:28] "[33mGET /socket.io/?EIO=4&transport=polling&t=PFIdVdP HTTP/1.1[0m" 404 -
2024-12-17 03:16:34,859 - __main__ - INFO - Request: GET /socket.io/ from 172.31.196.15
2024-12-17 03:16:34,859 - werkzeug - INFO - 172.31.196.15 - - [17/Dec/2024 03:16:34] "[33mGET /socket.io/?EIO=4&transport=polling&t=PFIdX5A HTTP/1.1[0m" 404 -
2024-12-17 03:16:40,845 - __main__ - INFO - Request: GET /socket.io/ from 172.31.196.15
2024-12-17 03:16:40,845 - werkzeug - INFO - 172.31.196.15 - - [17/Dec/2024 03:16:40] "[33mGET /socket.io/?EIO=4&transport=polling&t=PFIdYYw HTTP/1.1[0m" 404 -
2024-12-17 03:16:46,853 - __main__ - INFO - Request: GET /socket.io/ from 172.31.196.15
2024-12-17 03:16:46,854 - werkzeug - INFO - 172.31.196.15 - - [17/Dec/2024 03:16:46] "[33mGET /socket.io/?EIO=4&transport=polling&t=PFIda0f HTTP/1.1[0m" 404 -
2024-12-17 03:16:47,390 - __main__ - INFO - Request: POST /chat from 172.31.196.15
2024-12-17 03:16:47,391 - __main__ - INFO - Processing message from ccbb8c26-4173-4daa-b2a6-aba67593c4a0
2024-12-17 03:16:47,391 - chat_handler - INFO - Processing message from ccbb8c26-4173-4daa-b2a6-aba67593c4a0: what is octant?...
2024-12-17 03:16:48,663 - chat_handler - ERROR - Error getting response: 'ccbb8c26-4173-4daa-b2a6-aba67593c4a0'
2024-12-17 03:16:48,665 - werkzeug - INFO - 172.31.196.15 - - [17/Dec/2024 03:16:48] "POST /chat HTTP/1.1" 200 -
2024-12-17 03:16:52,874 - __main__ - INFO - Request: GET /socket.io/ from 172.31.196.15
2024-12-17 03:16:52,875 - werkzeug - INFO - 172.31.196.15 - - [17/Dec/2024 03:16:52] "[33mGET /socket.io/?EIO=4&transport=polling&t=PFIdbUP HTTP/1.1[0m" 404 -
2024-12-17 03:16:58,853 - __main__ - INFO - Request: GET /socket.io/ from 172.31.196.15
2024-12-17 03:16:58,854 - werkzeug - INFO - 172.31.196.15 - - [17/Dec/2024 03:16:58] "[33mGET /socket.io/?EIO=4&transport=polling&t=PFIdcy9 HTTP/1.1[0m" 404 -
2024-12-17 03:17:04,920 - __main__ - INFO - Request: GET /socket.io/ from 172.31.196.15
2024-12-17 03:17:04,920 - werkzeug - INFO - 172.31.196.15 - - [17/Dec/2024 03:17:04] "[33mGET /socket.io/?EIO=4&transport=polling&t=PFIdePw HTTP/1.1[0m" 404 -
2024-12-17 03:17:10,848 - __main__ - INFO - Request: GET /socket.io/ from 172.31.196.15
2024-12-17 03:17:10,848 - werkzeug - INFO - 172.31.196.15 - - [17/Dec/2024 03:17:10] "[33mGET /socket.io/?EIO=4&transport=polling&t=PFIdftf HTTP/1.1[0m" 404 -
2024-12-17 03:17:16,840 - __main__ - INFO - Request: GET /socket.io/ from 172.31.196.15
2024-12-17 03:17:16,841 - werkzeug - INFO - 172.31.196.15 - - [17/Dec/2024 03:17:16] "[33mGET /socket.io/?EIO=4&transport=polling&t=PFIdhLQ HTTP/1.1[0m" 404 -
2024-12-17 03:17:22,853 - __main__ - INFO - Request: GET /socket.io/ from 172.31.196.15
2024-12-17 03:17:22,854 - werkzeug - INFO - 172.31.196.15 - - [17/Dec/2024 03:17:22] "[33mGET /socket.io/?EIO=4&transport=polling&t=PFIdip9 HTTP/1.1[0m" 404 -
2024-12-17 03:17:28,915 - __main__ - INFO - Request: GET /socket.io/ from 172.31.196.15
2024-12-17 03:17:28,916 - werkzeug - INFO - 172.31.196.15 - - [17/Dec/2024 03:17:28] "[33mGET /socket.io/?EIO=4&transport=polling&t=PFIdkGw HTTP/1.1[0m" 404 -
2024-12-17 03:17:34,851 - __main__ - INFO - Request: GET /socket.io/ from 172.31.196.15
2024-12-17 03:17:34,852 - werkzeug - INFO - 172.31.196.15 - - [17/Dec/2024 03:17:34] "[33mGET /socket.io/?EIO=4&transport=polling&t=PFIdlkg HTTP/1.1[0m" 404 -
2024-12-17 03:17:40,839 - __main__ - INFO - Request: GET /socket.io/ from 172.31.196.15
2024-12-17 03:17:40,840 - werkzeug - INFO - 172.31.196.15 - - [17/Dec/2024 03:17:40] "[33mGET /socket.io/?EIO=4&transport=polling&t=PFIdnCQ HTTP/1.1[0m" 404 -
2024-12-17 03:17:46,872 - __main__ - INFO - Request: GET /socket.io/ from 172.31.196.15
2024-12-17 03:17:46,873 - werkzeug - INFO - 172.31.196.15 - - [17/Dec/2024 03:17:46] "[33mGET /socket.io/?EIO=4&transport=polling&t=PFIdogA HTTP/1.1[0m" 404 -
2024-12-17 03:17:52,838 - __main__ - INFO - Request: GET /socket.io/ from 172.31.196.15
2024-12-17 03:17:52,838 - werkzeug - INFO - 172.31.196.15 - - [17/Dec/2024 03:17:52] "[33mGET /socket.io/?EIO=4&transport=polling&t=PFIdq7v HTTP/1.1[0m" 404 -
2024-12-17 03:17:58,856 - __main__ - INFO - Request: GET /socket.io/ from 172.31.196.15
2024-12-17 03:17:58,857 - werkzeug - INFO - 172.31.196.15 - - [17/Dec/2024 03:17:58] "[33mGET /socket.io/?EIO=4&transport=polling&t=PFIdrbg HTTP/1.1[0m" 404 -
2024-12-17 03:18:01,080 - werkzeug - INFO -  * Detected change in '/home/runner/workspace/chat_handler.py', reloading
2024-12-17 03:18:01,146 - werkzeug - INFO -  * Restarting with stat
2024-12-17 03:18:01,541 - __main__ - INFO - 
━━━━━━ Server Starting ━━━━━━
Port: 5000
Debug: True
Environment: development
━━━━━━━━━━━━━━━━━━━━━━━━
2024-12-17 03:18:01,550 - werkzeug - WARNING -  * Debugger is active!
2024-12-17 03:18:01,551 - werkzeug - INFO -  * Debugger PIN: 493-673-424
2024-12-17 03:18:01,901 - __main__ - INFO - Request: GET / from 172.31.196.15
2024-12-17 03:18:01,907 - werkzeug - INFO - 172.31.196.15 - - [17/Dec/2024 03:18:01] "GET / HTTP/1.1" 200 -
2024-12-17 03:18:02,159 - werkzeug - INFO - 172.31.196.15 - - [17/Dec/2024 03:18:02] "[36mGET /static/js/chat.js HTTP/1.1[0m" 304 -
2024-12-17 03:18:02,159 - werkzeug - INFO - 172.31.196.15 - - [17/Dec/2024 03:18:02] "[36mGET /static/css/style.css HTTP/1.1[0m" 304 -
2024-12-17 03:18:02,162 - werkzeug - INFO - 172.31.196.15 - - [17/Dec/2024 03:18:02] "[36mGET /static/images/octant-logo.png HTTP/1.1[0m" 304 -
2024-12-17 03:18:02,639 - werkzeug - INFO - 172.31.196.15 - - [17/Dec/2024 03:18:02] "[36mGET /static/images/2.png HTTP/1.1[0m" 304 -
2024-12-17 03:18:04,569 - __main__ - INFO - 
━━━━━━ Server Starting ━━━━━━
Port: 5000
Debug: True
Environment: development
━━━━━━━━━━━━━━━━━━━━━━━━
2024-12-17 03:18:04,579 - werkzeug - INFO - [31m[1mWARNING: This is a development server. Do not use it in a production deployment. Use a production WSGI server instead.[0m
 * Running on all addresses (0.0.0.0)
 * Running on http://127.0.0.1:5000
 * Running on http://172.31.196.15:5000
2024-12-17 03:18:04,580 - werkzeug - INFO - [33mPress CTRL+C to quit[0m
2024-12-17 03:18:04,580 - werkzeug - INFO -  * Restarting with stat
2024-12-17 03:18:04,972 - __main__ - INFO - 
━━━━━━ Server Starting ━━━━━━
Port: 5000
Debug: True
Environment: development
━━━━━━━━━━━━━━━━━━━━━━━━
2024-12-17 03:18:04,980 - werkzeug - WARNING -  * Debugger is active!
2024-12-17 03:18:04,981 - werkzeug - INFO -  * Debugger PIN: 546-508-074
2024-12-17 03:18:05,006 - __main__ - INFO - Request: GET /socket.io/ from 172.31.196.15
2024-12-17 03:18:05,009 - werkzeug - INFO - 172.31.196.15 - - [17/Dec/2024 03:18:05] "[33mGET /socket.io/?EIO=4&transport=polling&t=PFIdt3a HTTP/1.1[0m" 404 -
2024-12-17 03:18:05,009 - __main__ - INFO - Request: GET / from 172.31.196.15
2024-12-17 03:18:05,015 - werkzeug - INFO - 172.31.196.15 - - [17/Dec/2024 03:18:05] "GET / HTTP/1.1" 200 -
2024-12-17 03:18:05,130 - werkzeug - INFO - 172.31.196.15 - - [17/Dec/2024 03:18:05] "[36mGET /static/images/octant-logo.png HTTP/1.1[0m" 304 -
2024-12-17 03:18:05,136 - werkzeug - INFO - 172.31.196.15 - - [17/Dec/2024 03:18:05] "[36mGET /static/js/chat.js HTTP/1.1[0m" 304 -
2024-12-17 03:18:05,139 - werkzeug - INFO - 172.31.196.15 - - [17/Dec/2024 03:18:05] "[36mGET /static/css/style.css HTTP/1.1[0m" 304 -
2024-12-17 03:18:05,254 - __main__ - INFO - Request: GET / from 172.31.196.15
2024-12-17 03:18:05,255 - werkzeug - INFO - 172.31.196.15 - - [17/Dec/2024 03:18:05] "GET / HTTP/1.1" 200 -
2024-12-17 03:18:05,267 - werkzeug - INFO - 172.31.196.15 - - [17/Dec/2024 03:18:05] "GET /static/css/style.css HTTP/1.1" 200 -
2024-12-17 03:18:05,276 - werkzeug - INFO - 172.31.196.15 - - [17/Dec/2024 03:18:05] "GET /static/js/chat.js HTTP/1.1" 200 -
2024-12-17 03:18:05,344 - werkzeug - INFO - 172.31.196.15 - - [17/Dec/2024 03:18:05] "GET /static/images/octant-logo.png HTTP/1.1" 200 -
2024-12-17 03:18:05,355 - werkzeug - INFO - 172.31.196.15 - - [17/Dec/2024 03:18:05] "GET /static/images/2.png HTTP/1.1" 200 -
2024-12-17 03:18:05,776 - werkzeug - INFO - 172.31.196.15 - - [17/Dec/2024 03:18:05] "[36mGET /static/images/2.png HTTP/1.1[0m" 304 -
2024-12-17 03:18:10,855 - __main__ - INFO - Request: GET /socket.io/ from 172.31.196.15
2024-12-17 03:18:10,856 - werkzeug - INFO - 172.31.196.15 - - [17/Dec/2024 03:18:10] "[33mGET /socket.io/?EIO=4&transport=polling&t=PFIduX9 HTTP/1.1[0m" 404 -
2024-12-17 03:18:16,838 - __main__ - INFO - Request: GET /socket.io/ from 172.31.196.15
2024-12-17 03:18:16,839 - werkzeug - INFO - 172.31.196.15 - - [17/Dec/2024 03:18:16] "[33mGET /socket.io/?EIO=4&transport=polling&t=PFIdv-v HTTP/1.1[0m" 404 -
2024-12-17 03:18:18,447 - __main__ - INFO - Request: POST /chat from 172.31.196.15
2024-12-17 03:18:18,448 - __main__ - INFO - Processing message from ccbb8c26-4173-4daa-b2a6-aba67593c4a0
2024-12-17 03:18:18,448 - chat_handler - INFO - Processing message from ccbb8c26-4173-4daa-b2a6-aba67593c4a0: what is octant?...
2024-12-17 03:18:20,852 - werkzeug - INFO - 172.31.196.15 - - [17/Dec/2024 03:18:20] "POST /chat HTTP/1.1" 200 -
2024-12-17 03:18:22,858 - __main__ - INFO - Request: GET /socket.io/ from 172.31.196.15
2024-12-17 03:18:22,859 - werkzeug - INFO - 172.31.196.15 - - [17/Dec/2024 03:18:22] "[33mGET /socket.io/?EIO=4&transport=polling&t=PFIdxSg HTTP/1.1[0m" 404 -
2024-12-17 03:18:28,589 - werkzeug - INFO -  * Detected change in '/home/runner/workspace/app.py', reloading
2024-12-17 03:18:28,635 - werkzeug - INFO -  * Restarting with stat
2024-12-17 03:18:29,014 - __main__ - INFO - 
━━━━━━ Server Starting ━━━━━━
Port: 5000
Debug: True
Environment: development
━━━━━━━━━━━━━━━━━━━━━━━━
2024-12-17 03:18:29,022 - werkzeug - WARNING -  * Debugger is active!
2024-12-17 03:18:29,023 - werkzeug - INFO -  * Debugger PIN: 581-192-171
2024-12-17 03:18:29,054 - __main__ - INFO - Request: GET /socket.io/ from 172.31.196.15
2024-12-17 03:18:29,055 - werkzeug - INFO - 172.31.196.15 - - [17/Dec/2024 03:18:29] "[33mGET /socket.io/?EIO=4&transport=polling&t=PFIdywQ HTTP/1.1[0m" 404 -
2024-12-17 03:18:29,371 - __main__ - INFO - Request: GET / from 172.31.196.15
2024-12-17 03:18:29,376 - werkzeug - INFO - 172.31.196.15 - - [17/Dec/2024 03:18:29] "GET / HTTP/1.1" 200 -
2024-12-17 03:18:29,492 - werkzeug - INFO - 172.31.196.15 - - [17/Dec/2024 03:18:29] "[36mGET /static/css/style.css HTTP/1.1[0m" 304 -
2024-12-17 03:18:29,505 - werkzeug - INFO - 172.31.196.15 - - [17/Dec/2024 03:18:29] "[36mGET /static/js/chat.js HTTP/1.1[0m" 304 -
2024-12-17 03:18:29,507 - werkzeug - INFO - 172.31.196.15 - - [17/Dec/2024 03:18:29] "[36mGET /static/images/octant-logo.png HTTP/1.1[0m" 304 -
2024-12-17 03:18:30,125 - werkzeug - INFO - 172.31.196.15 - - [17/Dec/2024 03:18:30] "[36mGET /static/images/2.png HTTP/1.1[0m" 304 -
2024-12-17 03:18:34,729 - __main__ - INFO - Request: POST /chat from 172.31.196.15
2024-12-17 03:18:34,729 - __main__ - INFO - Processing message from ccbb8c26-4173-4daa-b2a6-aba67593c4a0
2024-12-17 03:18:34,729 - chat_handler - INFO - Processing message from ccbb8c26-4173-4daa-b2a6-aba67593c4a0: what is glm?...
2024-12-17 03:18:34,851 - __main__ - INFO - Request: GET /socket.io/ from 172.31.196.15
2024-12-17 03:18:34,852 - werkzeug - INFO - 172.31.196.15 - - [17/Dec/2024 03:18:34] "[33mGET /socket.io/?EIO=4&transport=polling&t=PFId-O9 HTTP/1.1[0m" 404 -
2024-12-17 03:18:36,773 - werkzeug - INFO - 172.31.196.15 - - [17/Dec/2024 03:18:36] "POST /chat HTTP/1.1" 200 -
2024-12-17 03:18:40,878 - __main__ - INFO - Request: GET /socket.io/ from 172.31.196.15
2024-12-17 03:18:40,879 - werkzeug - INFO - 172.31.196.15 - - [17/Dec/2024 03:18:40] "[33mGET /socket.io/?EIO=4&transport=polling&t=PFId_rw HTTP/1.1[0m" 404 -
2024-12-17 03:18:41,375 - werkzeug - INFO -  * Detected change in '/home/runner/workspace/app.py', reloading
2024-12-17 03:18:41,425 - werkzeug - INFO -  * Restarting with stat
2024-12-17 03:18:41,800 - __main__ - INFO - 
━━━━━━ Server Starting ━━━━━━
Port: 5000
Debug: True
Environment: development
━━━━━━━━━━━━━━━━━━━━━━━━
2024-12-17 03:18:41,807 - werkzeug - WARNING -  * Debugger is active!
2024-12-17 03:18:41,808 - werkzeug - INFO -  * Debugger PIN: 794-581-098
2024-12-17 03:18:42,215 - __main__ - INFO - Request: GET / from 172.31.196.15
2024-12-17 03:18:42,220 - werkzeug - INFO - 172.31.196.15 - - [17/Dec/2024 03:18:42] "GET / HTTP/1.1" 200 -
2024-12-17 03:18:42,337 - werkzeug - INFO - 172.31.196.15 - - [17/Dec/2024 03:18:42] "[36mGET /static/css/style.css HTTP/1.1[0m" 304 -
2024-12-17 03:18:42,349 - werkzeug - INFO - 172.31.196.15 - - [17/Dec/2024 03:18:42] "[36mGET /static/js/chat.js HTTP/1.1[0m" 304 -
2024-12-17 03:18:42,350 - werkzeug - INFO - 172.31.196.15 - - [17/Dec/2024 03:18:42] "[36mGET /static/images/octant-logo.png HTTP/1.1[0m" 304 -
2024-12-17 03:18:43,025 - werkzeug - INFO - 172.31.196.15 - - [17/Dec/2024 03:18:43] "[36mGET /static/images/2.png HTTP/1.1[0m" 304 -
2024-12-17 03:18:46,853 - __main__ - INFO - Request: GET /socket.io/ from 172.31.196.15
2024-12-17 03:18:46,854 - werkzeug - INFO - 172.31.196.15 - - [17/Dec/2024 03:18:46] "[33mGET /socket.io/?EIO=4&transport=polling&t=PFIe1Je HTTP/1.1[0m" 404 -
2024-12-17 03:18:48,818 - __main__ - INFO - Request: POST /chat from 172.31.196.15
2024-12-17 03:18:48,819 - __main__ - INFO - Processing message from ccbb8c26-4173-4daa-b2a6-aba67593c4a0: who is james?...
2024-12-17 03:18:48,819 - chat_handler - INFO - Processing message from ccbb8c26-4173-4daa-b2a6-aba67593c4a0: who is james?...
2024-12-17 03:18:51,144 - __main__ - INFO - Successfully generated response for ccbb8c26-4173-4daa-b2a6-aba67593c4a0
2024-12-17 03:18:51,145 - werkzeug - INFO - 172.31.196.15 - - [17/Dec/2024 03:18:51] "POST /chat HTTP/1.1" 200 -
2024-12-17 03:18:52,842 - __main__ - INFO - Request: GET /socket.io/ from 172.31.196.15
2024-12-17 03:18:52,843 - werkzeug - INFO - 172.31.196.15 - - [17/Dec/2024 03:18:52] "[33mGET /socket.io/?EIO=4&transport=polling&t=PFIe2nP HTTP/1.1[0m" 404 -
2024-12-17 03:18:58,851 - __main__ - INFO - Request: GET /socket.io/ from 172.31.196.15
2024-12-17 03:18:58,852 - werkzeug - INFO - 172.31.196.15 - - [17/Dec/2024 03:18:58] "[33mGET /socket.io/?EIO=4&transport=polling&t=PFIe4F9 HTTP/1.1[0m" 404 -
2024-12-17 03:19:04,843 - __main__ - INFO - Request: GET /socket.io/ from 172.31.196.15
2024-12-17 03:19:04,843 - werkzeug - INFO - 172.31.196.15 - - [17/Dec/2024 03:19:04] "[33mGET /socket.io/?EIO=4&transport=polling&t=PFIe5iv HTTP/1.1[0m" 404 -
2024-12-17 03:19:10,547 - werkzeug - INFO -  * Detected change in '/home/runner/workspace/app.py', reloading
2024-12-17 03:19:10,594 - werkzeug - INFO -  * Restarting with stat
2024-12-17 03:19:10,983 - __main__ - INFO - 
━━━━━━ Server Starting ━━━━━━
Port: 5000
Debug: True
Environment: development
━━━━━━━━━━━━━━━━━━━━━━━━
2024-12-17 03:19:10,991 - werkzeug - WARNING -  * Debugger is active!
2024-12-17 03:19:10,993 - werkzeug - INFO -  * Debugger PIN: 561-293-517
2024-12-17 03:19:11,019 - __main__ - INFO - Request: GET /socket.io/ from 172.31.196.15
2024-12-17 03:19:11,021 - werkzeug - INFO - 172.31.196.15 - - [17/Dec/2024 03:19:11] "[33mGET /socket.io/?EIO=4&transport=polling&t=PFIe7Af HTTP/1.1[0m" 404 -
2024-12-17 03:19:11,524 - __main__ - INFO - Request: GET / from 172.31.196.15
2024-12-17 03:19:11,529 - werkzeug - INFO - 172.31.196.15 - - [17/Dec/2024 03:19:11] "GET / HTTP/1.1" 200 -
2024-12-17 03:19:11,646 - werkzeug - INFO - 172.31.196.15 - - [17/Dec/2024 03:19:11] "[36mGET /static/js/chat.js HTTP/1.1[0m" 304 -
2024-12-17 03:19:11,653 - werkzeug - INFO - 172.31.196.15 - - [17/Dec/2024 03:19:11] "[36mGET /static/css/style.css HTTP/1.1[0m" 304 -
2024-12-17 03:19:11,661 - werkzeug - INFO - 172.31.196.15 - - [17/Dec/2024 03:19:11] "[36mGET /static/images/octant-logo.png HTTP/1.1[0m" 304 -
2024-12-17 03:19:12,381 - werkzeug - INFO - 172.31.196.15 - - [17/Dec/2024 03:19:12] "[36mGET /static/images/2.png HTTP/1.1[0m" 304 -
2024-12-17 03:19:16,840 - __main__ - INFO - Request: GET /socket.io/ from 172.31.196.15
2024-12-17 03:19:16,841 - werkzeug - INFO - 172.31.196.15 - - [17/Dec/2024 03:19:16] "[33mGET /socket.io/?EIO=4&transport=polling&t=PFIe8eQ HTTP/1.1[0m" 404 -
2024-12-17 03:19:22,304 - werkzeug - INFO -  * Detected change in '/home/runner/workspace/app.py', reloading
2024-12-17 03:19:22,352 - werkzeug - INFO -  * Restarting with stat
2024-12-17 03:19:22,723 - __main__ - INFO - 
━━━━━━ Server Starting ━━━━━━
Port: 5000
Debug: True
Environment: development
━━━━━━━━━━━━━━━━━━━━━━━━
2024-12-17 03:19:22,732 - werkzeug - WARNING -  * Debugger is active!
2024-12-17 03:19:22,733 - werkzeug - INFO -  * Debugger PIN: 368-125-005
2024-12-17 03:19:22,761 - __main__ - INFO - Request: GET / from 172.31.196.15
2024-12-17 03:19:22,768 - werkzeug - INFO - 172.31.196.15 - - [17/Dec/2024 03:19:22] "GET / HTTP/1.1" 200 -
2024-12-17 03:19:22,849 - __main__ - INFO - Request: GET /socket.io/ from 172.31.196.15
2024-12-17 03:19:22,850 - werkzeug - INFO - 172.31.196.15 - - [17/Dec/2024 03:19:22] "[33mGET /socket.io/?EIO=4&transport=polling&t=PFIeA6A HTTP/1.1[0m" 404 -
2024-12-17 03:19:22,896 - werkzeug - INFO - 172.31.196.15 - - [17/Dec/2024 03:19:22] "[36mGET /static/css/style.css HTTP/1.1[0m" 304 -
2024-12-17 03:19:22,896 - werkzeug - INFO - 172.31.196.15 - - [17/Dec/2024 03:19:22] "[36mGET /static/images/octant-logo.png HTTP/1.1[0m" 304 -
2024-12-17 03:19:22,898 - werkzeug - INFO - 172.31.196.15 - - [17/Dec/2024 03:19:22] "[36mGET /static/js/chat.js HTTP/1.1[0m" 304 -
2024-12-17 03:19:23,514 - werkzeug - INFO - 172.31.196.15 - - [17/Dec/2024 03:19:23] "[36mGET /static/images/2.png HTTP/1.1[0m" 304 -
2024-12-17 03:19:25,487 - __main__ - INFO - 
━━━━━━ Server Starting ━━━━━━
Port: 5000
Debug: True
Environment: development
━━━━━━━━━━━━━━━━━━━━━━━━
2024-12-17 03:19:25,496 - werkzeug - INFO - [31m[1mWARNING: This is a development server. Do not use it in a production deployment. Use a production WSGI server instead.[0m
 * Running on all addresses (0.0.0.0)
 * Running on http://127.0.0.1:5000
 * Running on http://172.31.196.15:5000
2024-12-17 03:19:25,496 - werkzeug - INFO - [33mPress CTRL+C to quit[0m
2024-12-17 03:19:25,497 - werkzeug - INFO -  * Restarting with stat
2024-12-17 03:19:25,910 - __main__ - INFO - 
━━━━━━ Server Starting ━━━━━━
Port: 5000
Debug: True
Environment: development
━━━━━━━━━━━━━━━━━━━━━━━━
2024-12-17 03:19:25,918 - werkzeug - WARNING -  * Debugger is active!
2024-12-17 03:19:25,920 - werkzeug - INFO -  * Debugger PIN: 101-102-117
2024-12-17 03:19:25,948 - __main__ - INFO - Request: GET / from 172.31.196.15
2024-12-17 03:19:25,955 - werkzeug - INFO - 172.31.196.15 - - [17/Dec/2024 03:19:25] "GET / HTTP/1.1" 200 -
2024-12-17 03:19:26,075 - werkzeug - INFO - 172.31.196.15 - - [17/Dec/2024 03:19:26] "[36mGET /static/js/chat.js HTTP/1.1[0m" 304 -
2024-12-17 03:19:26,081 - werkzeug - INFO - 172.31.196.15 - - [17/Dec/2024 03:19:26] "[36mGET /static/css/style.css HTTP/1.1[0m" 304 -
2024-12-17 03:19:26,082 - werkzeug - INFO - 172.31.196.15 - - [17/Dec/2024 03:19:26] "[36mGET /static/images/octant-logo.png HTTP/1.1[0m" 304 -
2024-12-17 03:19:26,099 - __main__ - INFO - Request: GET / from 172.31.196.15
2024-12-17 03:19:26,100 - werkzeug - INFO - 172.31.196.15 - - [17/Dec/2024 03:19:26] "GET / HTTP/1.1" 200 -
2024-12-17 03:19:26,111 - werkzeug - INFO - 172.31.196.15 - - [17/Dec/2024 03:19:26] "GET /static/css/style.css HTTP/1.1" 200 -
2024-12-17 03:19:26,115 - __main__ - INFO - Request: GET / from 172.31.196.15
2024-12-17 03:19:26,115 - werkzeug - INFO - 172.31.196.15 - - [17/Dec/2024 03:19:26] "GET / HTTP/1.1" 200 -
2024-12-17 03:19:26,120 - werkzeug - INFO - 172.31.196.15 - - [17/Dec/2024 03:19:26] "GET /static/js/chat.js HTTP/1.1" 200 -
2024-12-17 03:19:26,129 - werkzeug - INFO - 172.31.196.15 - - [17/Dec/2024 03:19:26] "GET /static/images/octant-logo.png HTTP/1.1" 200 -
2024-12-17 03:19:26,211 - werkzeug - INFO - 172.31.196.15 - - [17/Dec/2024 03:19:26] "GET /static/images/2.png HTTP/1.1" 200 -
2024-12-17 03:19:26,229 - werkzeug - INFO - 172.31.196.15 - - [17/Dec/2024 03:19:26] "GET /static/css/style.css HTTP/1.1" 200 -
2024-12-17 03:19:26,599 - werkzeug - INFO - 172.31.196.15 - - [17/Dec/2024 03:19:26] "GET /static/js/chat.js HTTP/1.1" 200 -
2024-12-17 03:19:26,653 - werkzeug - INFO - 172.31.196.15 - - [17/Dec/2024 03:19:26] "GET /static/images/octant-logo.png HTTP/1.1" 200 -
2024-12-17 03:19:26,910 - werkzeug - INFO - 172.31.196.15 - - [17/Dec/2024 03:19:26] "[36mGET /static/images/2.png HTTP/1.1[0m" 304 -
2024-12-17 03:19:28,838 - __main__ - INFO - Request: GET /socket.io/ from 172.31.196.15
2024-12-17 03:19:28,839 - werkzeug - INFO - 172.31.196.15 - - [17/Dec/2024 03:19:28] "[33mGET /socket.io/?EIO=4&transport=polling&t=PFIeBZw HTTP/1.1[0m" 404 -
2024-12-17 03:19:34,887 - __main__ - INFO - Request: GET /socket.io/ from 172.31.196.15
2024-12-17 03:19:34,888 - werkzeug - INFO - 172.31.196.15 - - [17/Dec/2024 03:19:34] "[33mGET /socket.io/?EIO=4&transport=polling&t=PFIeD1g HTTP/1.1[0m" 404 -
